<?xml version="1.0" encoding="UTF-8"?>
<!-- Generated by org.testng.reporters.JUnitReportReporter -->
<testsuite hostname="AMSMY-0010" name="com.search.RegisterPage" tests="1" failures="0" timestamp="28 Jun 2019 03:52:25 GMT" time="43.851" errors="0">
  <testcase name="testRegisterForJourney" time="43.851" classname="com.search.RegisterPage"/>
</testsuite> <!-- com.search.RegisterPage -->
