<?xml version="1.0" encoding="UTF-8"?>
<!-- Generated by org.testng.reporters.JUnitReportReporter -->
<testsuite hostname="AMTMY3-RAHULSONAWANEXPS" name="com.check24.TravelPage" tests="1" failures="0" timestamp="1 Jul 2019 07:15:05 GMT" time="104.237" errors="0">
  <testcase name="testRegisterForJourney" time="104.237" classname="com.check24.TravelPage"/>
</testsuite> <!-- com.check24.TravelPage -->
