<?xml version="1.0" encoding="UTF-8"?>
<!-- Generated by org.testng.reporters.JUnitReportReporter -->
<testsuite hostname="AMSMY-0010" name="com.search.LandingPage" tests="1" failures="0" timestamp="27 Jun 2019 14:25:04 GMT" time="48.304" errors="0">
  <testcase name="testRegisterForJourney" time="48.304" classname="com.search.LandingPage"/>
</testsuite> <!-- com.search.LandingPage -->
